{"C:\\Users\\amand\\OneDrive\\Área de Trabalho\\MedSync\\Med_Sync_WEB\\backend\\database.js": {"path":"C:\\Users\\amand\\OneDrive\\Área de Trabalho\\MedSync\\Med_Sync_WEB\\backend\\database.js","statementMap":{"0":{"start":{"line":1,"column":14},"end":{"line":1,"column":31}},"1":{"start":{"line":3,"column":19},"end":{"line":8,"column":2}},"2":{"start":{"line":10,"column":0},"end":{"line":13,"column":3}},"3":{"start":{"line":11,"column":4},"end":{"line":11,"column":23}},"4":{"start":{"line":11,"column":13},"end":{"line":11,"column":23}},"5":{"start":{"line":12,"column":4},"end":{"line":12,"column":45}},"6":{"start":{"line":15,"column":0},"end":{"line":15,"column":28}}},"fnMap":{"0":{"name":"(anonymous_0)","decl":{"start":{"line":10,"column":19},"end":{"line":10,"column":20}},"loc":{"start":{"line":10,"column":25},"end":{"line":13,"column":1}},"line":10}},"branchMap":{"0":{"loc":{"start":{"line":11,"column":4},"end":{"line":11,"column":23}},"type":"if","locations":[{"start":{"line":11,"column":4},"end":{"line":11,"column":23}},{"start":{},"end":{}}],"line":11}},"s":{"0":2,"1":2,"2":2,"3":2,"4":0,"5":2,"6":2},"f":{"0":2},"b":{"0":[0,2]},"_coverageSchema":"1a1c01bbd47fc00a2c39e90264f33305004495a9","hash":"4a1c0a5aa03dcfec412ef6383ffb2fada3967f9a"}
,"C:\\Users\\amand\\OneDrive\\Área de Trabalho\\MedSync\\Med_Sync_WEB\\backend\\controllers\\consultaController.js": {"path":"C:\\Users\\amand\\OneDrive\\Área de Trabalho\\MedSync\\Med_Sync_WEB\\backend\\controllers\\consultaController.js","statementMap":{"0":{"start":{"line":1,"column":19},"end":{"line":1,"column":44}},"1":{"start":{"line":2,"column":29},"end":{"line":2,"column":57}},"2":{"start":{"line":6,"column":0},"end":{"line":16,"column":2}},"3":{"start":{"line":7,"column":24},"end":{"line":7,"column":34}},"4":{"start":{"line":9,"column":4},"end":{"line":15,"column":6}},"5":{"start":{"line":12,"column":12},"end":{"line":12,"column":62}},"6":{"start":{"line":12,"column":21},"end":{"line":12,"column":62}},"7":{"start":{"line":13,"column":12},"end":{"line":13,"column":42}},"8":{"start":{"line":19,"column":0},"end":{"line":52,"column":2}},"9":{"start":{"line":20,"column":4},"end":{"line":20,"column":50}},"10":{"start":{"line":22,"column":19},"end":{"line":22,"column":40}},"11":{"start":{"line":23,"column":4},"end":{"line":26,"column":5}},"12":{"start":{"line":24,"column":8},"end":{"line":24,"column":59}},"13":{"start":{"line":25,"column":8},"end":{"line":25,"column":61}},"14":{"start":{"line":29,"column":38},"end":{"line":29,"column":46}},"15":{"start":{"line":31,"column":4},"end":{"line":33,"column":5}},"16":{"start":{"line":32,"column":8},"end":{"line":32,"column":127}},"17":{"start":{"line":35,"column":4},"end":{"line":35,"column":108}},"18":{"start":{"line":37,"column":4},"end":{"line":51,"column":6}},"19":{"start":{"line":41,"column":12},"end":{"line":44,"column":13}},"20":{"start":{"line":42,"column":16},"end":{"line":42,"column":70}},"21":{"start":{"line":43,"column":16},"end":{"line":43,"column":65}},"22":{"start":{"line":45,"column":12},"end":{"line":45,"column":79}},"23":{"start":{"line":46,"column":12},"end":{"line":49,"column":15}},"24":{"start":{"line":55,"column":0},"end":{"line":70,"column":2}},"25":{"start":{"line":56,"column":26},"end":{"line":56,"column":36}},"26":{"start":{"line":57,"column":71},"end":{"line":57,"column":79}},"27":{"start":{"line":59,"column":4},"end":{"line":59,"column":110}},"28":{"start":{"line":61,"column":4},"end":{"line":69,"column":6}},"29":{"start":{"line":65,"column":12},"end":{"line":65,"column":62}},"30":{"start":{"line":65,"column":21},"end":{"line":65,"column":62}},"31":{"start":{"line":66,"column":12},"end":{"line":66,"column":111}},"32":{"start":{"line":66,"column":44},"end":{"line":66,"column":111}},"33":{"start":{"line":67,"column":12},"end":{"line":67,"column":80}},"34":{"start":{"line":73,"column":0},"end":{"line":84,"column":2}},"35":{"start":{"line":74,"column":26},"end":{"line":74,"column":36}},"36":{"start":{"line":76,"column":4},"end":{"line":83,"column":6}},"37":{"start":{"line":79,"column":12},"end":{"line":79,"column":62}},"38":{"start":{"line":79,"column":21},"end":{"line":79,"column":62}},"39":{"start":{"line":80,"column":12},"end":{"line":80,"column":111}},"40":{"start":{"line":80,"column":44},"end":{"line":80,"column":111}},"41":{"start":{"line":81,"column":12},"end":{"line":81,"column":77}}},"fnMap":{"0":{"name":"(anonymous_0)","decl":{"start":{"line":6,"column":35},"end":{"line":6,"column":36}},"loc":{"start":{"line":6,"column":49},"end":{"line":16,"column":1}},"line":6},"1":{"name":"(anonymous_1)","decl":{"start":{"line":11,"column":21},"end":{"line":11,"column":22}},"loc":{"start":{"line":11,"column":39},"end":{"line":14,"column":9}},"line":11},"2":{"name":"(anonymous_2)","decl":{"start":{"line":19,"column":24},"end":{"line":19,"column":25}},"loc":{"start":{"line":19,"column":38},"end":{"line":52,"column":1}},"line":19},"3":{"name":"(anonymous_3)","decl":{"start":{"line":40,"column":8},"end":{"line":40,"column":9}},"loc":{"start":{"line":40,"column":26},"end":{"line":50,"column":9}},"line":40},"4":{"name":"(anonymous_4)","decl":{"start":{"line":55,"column":28},"end":{"line":55,"column":29}},"loc":{"start":{"line":55,"column":42},"end":{"line":70,"column":1}},"line":55},"5":{"name":"(anonymous_5)","decl":{"start":{"line":64,"column":8},"end":{"line":64,"column":9}},"loc":{"start":{"line":64,"column":26},"end":{"line":68,"column":9}},"line":64},"6":{"name":"(anonymous_6)","decl":{"start":{"line":73,"column":26},"end":{"line":73,"column":27}},"loc":{"start":{"line":73,"column":40},"end":{"line":84,"column":1}},"line":73},"7":{"name":"(anonymous_7)","decl":{"start":{"line":78,"column":8},"end":{"line":78,"column":9}},"loc":{"start":{"line":78,"column":26},"end":{"line":82,"column":9}},"line":78}},"branchMap":{"0":{"loc":{"start":{"line":12,"column":12},"end":{"line":12,"column":62}},"type":"if","locations":[{"start":{"line":12,"column":12},"end":{"line":12,"column":62}},{"start":{},"end":{}}],"line":12},"1":{"loc":{"start":{"line":23,"column":4},"end":{"line":26,"column":5}},"type":"if","locations":[{"start":{"line":23,"column":4},"end":{"line":26,"column":5}},{"start":{},"end":{}}],"line":23},"2":{"loc":{"start":{"line":31,"column":4},"end":{"line":33,"column":5}},"type":"if","locations":[{"start":{"line":31,"column":4},"end":{"line":33,"column":5}},{"start":{},"end":{}}],"line":31},"3":{"loc":{"start":{"line":31,"column":7},"end":{"line":31,"column":71}},"type":"binary-expr","locations":[{"start":{"line":31,"column":7},"end":{"line":31,"column":17}},{"start":{"line":31,"column":21},"end":{"line":31,"column":35}},{"start":{"line":31,"column":39},"end":{"line":31,"column":53}},{"start":{"line":31,"column":57},"end":{"line":31,"column":71}}],"line":31},"4":{"loc":{"start":{"line":41,"column":12},"end":{"line":44,"column":13}},"type":"if","locations":[{"start":{"line":41,"column":12},"end":{"line":44,"column":13}},{"start":{},"end":{}}],"line":41},"5":{"loc":{"start":{"line":65,"column":12},"end":{"line":65,"column":62}},"type":"if","locations":[{"start":{"line":65,"column":12},"end":{"line":65,"column":62}},{"start":{},"end":{}}],"line":65},"6":{"loc":{"start":{"line":66,"column":12},"end":{"line":66,"column":111}},"type":"if","locations":[{"start":{"line":66,"column":12},"end":{"line":66,"column":111}},{"start":{},"end":{}}],"line":66},"7":{"loc":{"start":{"line":79,"column":12},"end":{"line":79,"column":62}},"type":"if","locations":[{"start":{"line":79,"column":12},"end":{"line":79,"column":62}},{"start":{},"end":{}}],"line":79},"8":{"loc":{"start":{"line":80,"column":12},"end":{"line":80,"column":111}},"type":"if","locations":[{"start":{"line":80,"column":12},"end":{"line":80,"column":111}},{"start":{},"end":{}}],"line":80}},"s":{"0":1,"1":1,"2":1,"3":1,"4":1,"5":1,"6":0,"7":1,"8":1,"9":1,"10":1,"11":1,"12":0,"13":0,"14":1,"15":1,"16":0,"17":1,"18":1,"19":1,"20":0,"21":0,"22":1,"23":1,"24":1,"25":1,"26":1,"27":1,"28":1,"29":1,"30":0,"31":1,"32":0,"33":1,"34":1,"35":1,"36":1,"37":1,"38":0,"39":1,"40":0,"41":1},"f":{"0":1,"1":1,"2":1,"3":1,"4":1,"5":1,"6":1,"7":1},"b":{"0":[0,1],"1":[0,1],"2":[0,1],"3":[1,1,1,1],"4":[0,1],"5":[0,1],"6":[0,1],"7":[0,1],"8":[0,1]},"_coverageSchema":"1a1c01bbd47fc00a2c39e90264f33305004495a9","hash":"4ee476747dad306604901b7f8fbee5d255ce1a20"}
,"C:\\Users\\amand\\OneDrive\\Área de Trabalho\\MedSync\\Med_Sync_WEB\\backend\\controllers\\loginController.js": {"path":"C:\\Users\\amand\\OneDrive\\Área de Trabalho\\MedSync\\Med_Sync_WEB\\backend\\controllers\\loginController.js","statementMap":{"0":{"start":{"line":1,"column":19},"end":{"line":1,"column":41}},"1":{"start":{"line":2,"column":15},"end":{"line":2,"column":32}},"2":{"start":{"line":3,"column":12},"end":{"line":3,"column":35}},"3":{"start":{"line":4,"column":29},"end":{"line":4,"column":57}},"4":{"start":{"line":8,"column":0},"end":{"line":34,"column":2}},"5":{"start":{"line":9,"column":27},"end":{"line":9,"column":35}},"6":{"start":{"line":10,"column":4},"end":{"line":10,"column":95}},"7":{"start":{"line":10,"column":26},"end":{"line":10,"column":95}},"8":{"start":{"line":11,"column":4},"end":{"line":11,"column":59}},"9":{"start":{"line":13,"column":4},"end":{"line":33,"column":7}},"10":{"start":{"line":14,"column":8},"end":{"line":14,"column":42}},"11":{"start":{"line":15,"column":8},"end":{"line":15,"column":58}},"12":{"start":{"line":15,"column":17},"end":{"line":15,"column":58}},"13":{"start":{"line":16,"column":8},"end":{"line":16,"column":53}},"14":{"start":{"line":17,"column":8},"end":{"line":20,"column":9}},"15":{"start":{"line":18,"column":12},"end":{"line":18,"column":48}},"16":{"start":{"line":19,"column":12},"end":{"line":19,"column":77}},"17":{"start":{"line":22,"column":24},"end":{"line":22,"column":34}},"18":{"start":{"line":23,"column":8},"end":{"line":23,"column":63}},"19":{"start":{"line":24,"column":29},"end":{"line":24,"column":71}},"20":{"start":{"line":25,"column":8},"end":{"line":25,"column":63}},"21":{"start":{"line":26,"column":8},"end":{"line":29,"column":9}},"22":{"start":{"line":27,"column":12},"end":{"line":27,"column":75}},"23":{"start":{"line":28,"column":12},"end":{"line":28,"column":83}},"24":{"start":{"line":31,"column":22},"end":{"line":31,"column":134}},"25":{"start":{"line":32,"column":8},"end":{"line":32,"column":79}},"26":{"start":{"line":37,"column":0},"end":{"line":67,"column":2}},"27":{"start":{"line":38,"column":18},"end":{"line":38,"column":39}},"28":{"start":{"line":39,"column":4},"end":{"line":41,"column":5}},"29":{"start":{"line":40,"column":8},"end":{"line":40,"column":60}},"30":{"start":{"line":43,"column":33},"end":{"line":43,"column":41}},"31":{"start":{"line":44,"column":4},"end":{"line":44,"column":59}},"32":{"start":{"line":46,"column":4},"end":{"line":66,"column":5}},"33":{"start":{"line":47,"column":8},"end":{"line":47,"column":55}},"34":{"start":{"line":48,"column":35},"end":{"line":48,"column":63}},"35":{"start":{"line":49,"column":8},"end":{"line":49,"column":55}},"36":{"start":{"line":51,"column":8},"end":{"line":62,"column":10}},"37":{"start":{"line":55,"column":16},"end":{"line":58,"column":17}},"38":{"start":{"line":56,"column":20},"end":{"line":56,"column":77}},"39":{"start":{"line":57,"column":20},"end":{"line":57,"column":69}},"40":{"start":{"line":59,"column":16},"end":{"line":59,"column":109}},"41":{"start":{"line":60,"column":16},"end":{"line":60,"column":100}},"42":{"start":{"line":64,"column":8},"end":{"line":64,"column":50}},"43":{"start":{"line":65,"column":8},"end":{"line":65,"column":52}}},"fnMap":{"0":{"name":"(anonymous_0)","decl":{"start":{"line":8,"column":23},"end":{"line":8,"column":24}},"loc":{"start":{"line":8,"column":37},"end":{"line":34,"column":1}},"line":8},"1":{"name":"(anonymous_1)","decl":{"start":{"line":13,"column":74},"end":{"line":13,"column":75}},"loc":{"start":{"line":13,"column":97},"end":{"line":33,"column":5}},"line":13},"2":{"name":"(anonymous_2)","decl":{"start":{"line":37,"column":23},"end":{"line":37,"column":24}},"loc":{"start":{"line":37,"column":43},"end":{"line":67,"column":1}},"line":37},"3":{"name":"(anonymous_3)","decl":{"start":{"line":54,"column":12},"end":{"line":54,"column":13}},"loc":{"start":{"line":54,"column":30},"end":{"line":61,"column":13}},"line":54}},"branchMap":{"0":{"loc":{"start":{"line":10,"column":4},"end":{"line":10,"column":95}},"type":"if","locations":[{"start":{"line":10,"column":4},"end":{"line":10,"column":95}},{"start":{},"end":{}}],"line":10},"1":{"loc":{"start":{"line":10,"column":8},"end":{"line":10,"column":24}},"type":"binary-expr","locations":[{"start":{"line":10,"column":8},"end":{"line":10,"column":14}},{"start":{"line":10,"column":18},"end":{"line":10,"column":24}}],"line":10},"2":{"loc":{"start":{"line":15,"column":8},"end":{"line":15,"column":58}},"type":"if","locations":[{"start":{"line":15,"column":8},"end":{"line":15,"column":58}},{"start":{},"end":{}}],"line":15},"3":{"loc":{"start":{"line":17,"column":8},"end":{"line":20,"column":9}},"type":"if","locations":[{"start":{"line":17,"column":8},"end":{"line":20,"column":9}},{"start":{},"end":{}}],"line":17},"4":{"loc":{"start":{"line":26,"column":8},"end":{"line":29,"column":9}},"type":"if","locations":[{"start":{"line":26,"column":8},"end":{"line":29,"column":9}},{"start":{},"end":{}}],"line":26},"5":{"loc":{"start":{"line":39,"column":4},"end":{"line":41,"column":5}},"type":"if","locations":[{"start":{"line":39,"column":4},"end":{"line":41,"column":5}},{"start":{},"end":{}}],"line":39},"6":{"loc":{"start":{"line":55,"column":16},"end":{"line":58,"column":17}},"type":"if","locations":[{"start":{"line":55,"column":16},"end":{"line":58,"column":17}},{"start":{},"end":{}}],"line":55}},"s":{"0":1,"1":1,"2":1,"3":1,"4":1,"5":3,"6":3,"7":0,"8":3,"9":3,"10":3,"11":3,"12":0,"13":3,"14":3,"15":1,"16":1,"17":2,"18":2,"19":2,"20":2,"21":2,"22":1,"23":1,"24":1,"25":1,"26":1,"27":2,"28":2,"29":0,"30":2,"31":2,"32":2,"33":2,"34":2,"35":2,"36":2,"37":2,"38":1,"39":1,"40":1,"41":1,"42":0,"43":0},"f":{"0":3,"1":3,"2":2,"3":2},"b":{"0":[0,3],"1":[3,3],"2":[0,3],"3":[1,2],"4":[1,1],"5":[0,2],"6":[1,1]},"_coverageSchema":"1a1c01bbd47fc00a2c39e90264f33305004495a9","hash":"f8d6590f9d3c9c22f4c1aae1aedb28e47c79286d"}
,"C:\\Users\\amand\\OneDrive\\Área de Trabalho\\MedSync\\Med_Sync_WEB\\backend\\controllers\\medicoController.js": {"path":"C:\\Users\\amand\\OneDrive\\Área de Trabalho\\MedSync\\Med_Sync_WEB\\backend\\controllers\\medicoController.js","statementMap":{"0":{"start":{"line":1,"column":19},"end":{"line":1,"column":44}},"1":{"start":{"line":2,"column":15},"end":{"line":2,"column":32}},"2":{"start":{"line":3,"column":29},"end":{"line":3,"column":57}},"3":{"start":{"line":6,"column":0},"end":{"line":11,"column":2}},"4":{"start":{"line":7,"column":4},"end":{"line":10,"column":7}},"5":{"start":{"line":8,"column":8},"end":{"line":8,"column":60}},"6":{"start":{"line":8,"column":17},"end":{"line":8,"column":60}},"7":{"start":{"line":9,"column":8},"end":{"line":9,"column":38}},"8":{"start":{"line":14,"column":0},"end":{"line":41,"column":1}},"9":{"start":{"line":15,"column":18},"end":{"line":15,"column":39}},"10":{"start":{"line":16,"column":4},"end":{"line":18,"column":5}},"11":{"start":{"line":17,"column":8},"end":{"line":17,"column":61}},"12":{"start":{"line":20,"column":42},"end":{"line":20,"column":50}},"13":{"start":{"line":21,"column":4},"end":{"line":23,"column":5}},"14":{"start":{"line":22,"column":8},"end":{"line":22,"column":96}},"15":{"start":{"line":24,"column":4},"end":{"line":24,"column":66}},"16":{"start":{"line":26,"column":4},"end":{"line":40,"column":6}},"17":{"start":{"line":30,"column":12},"end":{"line":33,"column":13}},"18":{"start":{"line":31,"column":16},"end":{"line":31,"column":64}},"19":{"start":{"line":32,"column":16},"end":{"line":32,"column":65}},"20":{"start":{"line":34,"column":12},"end":{"line":34,"column":78}},"21":{"start":{"line":35,"column":12},"end":{"line":38,"column":15}},"22":{"start":{"line":44,"column":0},"end":{"line":55,"column":2}},"23":{"start":{"line":45,"column":19},"end":{"line":45,"column":29}},"24":{"start":{"line":46,"column":42},"end":{"line":46,"column":50}},"25":{"start":{"line":48,"column":4},"end":{"line":48,"column":70}},"26":{"start":{"line":50,"column":4},"end":{"line":54,"column":7}},"27":{"start":{"line":51,"column":8},"end":{"line":51,"column":60}},"28":{"start":{"line":51,"column":17},"end":{"line":51,"column":60}},"29":{"start":{"line":52,"column":8},"end":{"line":52,"column":106}},"30":{"start":{"line":52,"column":40},"end":{"line":52,"column":106}},"31":{"start":{"line":53,"column":8},"end":{"line":53,"column":76}},"32":{"start":{"line":58,"column":0},"end":{"line":66,"column":2}},"33":{"start":{"line":59,"column":19},"end":{"line":59,"column":29}},"34":{"start":{"line":61,"column":4},"end":{"line":65,"column":7}},"35":{"start":{"line":62,"column":8},"end":{"line":62,"column":60}},"36":{"start":{"line":62,"column":17},"end":{"line":62,"column":60}},"37":{"start":{"line":63,"column":8},"end":{"line":63,"column":106}},"38":{"start":{"line":63,"column":40},"end":{"line":63,"column":106}},"39":{"start":{"line":64,"column":8},"end":{"line":64,"column":85}}},"fnMap":{"0":{"name":"(anonymous_0)","decl":{"start":{"line":6,"column":26},"end":{"line":6,"column":27}},"loc":{"start":{"line":6,"column":40},"end":{"line":11,"column":1}},"line":6},"1":{"name":"(anonymous_1)","decl":{"start":{"line":7,"column":45},"end":{"line":7,"column":46}},"loc":{"start":{"line":7,"column":63},"end":{"line":10,"column":5}},"line":7},"2":{"name":"(anonymous_2)","decl":{"start":{"line":14,"column":22},"end":{"line":14,"column":23}},"loc":{"start":{"line":14,"column":42},"end":{"line":41,"column":1}},"line":14},"3":{"name":"(anonymous_3)","decl":{"start":{"line":29,"column":8},"end":{"line":29,"column":9}},"loc":{"start":{"line":29,"column":26},"end":{"line":39,"column":9}},"line":29},"4":{"name":"(anonymous_4)","decl":{"start":{"line":44,"column":26},"end":{"line":44,"column":27}},"loc":{"start":{"line":44,"column":40},"end":{"line":55,"column":1}},"line":44},"5":{"name":"(anonymous_5)","decl":{"start":{"line":50,"column":134},"end":{"line":50,"column":135}},"loc":{"start":{"line":50,"column":152},"end":{"line":54,"column":5}},"line":50},"6":{"name":"(anonymous_6)","decl":{"start":{"line":58,"column":24},"end":{"line":58,"column":25}},"loc":{"start":{"line":58,"column":38},"end":{"line":66,"column":1}},"line":58},"7":{"name":"(anonymous_7)","decl":{"start":{"line":61,"column":69},"end":{"line":61,"column":70}},"loc":{"start":{"line":61,"column":87},"end":{"line":65,"column":5}},"line":61}},"branchMap":{"0":{"loc":{"start":{"line":8,"column":8},"end":{"line":8,"column":60}},"type":"if","locations":[{"start":{"line":8,"column":8},"end":{"line":8,"column":60}},{"start":{},"end":{}}],"line":8},"1":{"loc":{"start":{"line":16,"column":4},"end":{"line":18,"column":5}},"type":"if","locations":[{"start":{"line":16,"column":4},"end":{"line":18,"column":5}},{"start":{},"end":{}}],"line":16},"2":{"loc":{"start":{"line":21,"column":4},"end":{"line":23,"column":5}},"type":"if","locations":[{"start":{"line":21,"column":4},"end":{"line":23,"column":5}},{"start":{},"end":{}}],"line":21},"3":{"loc":{"start":{"line":21,"column":8},"end":{"line":21,"column":40}},"type":"binary-expr","locations":[{"start":{"line":21,"column":8},"end":{"line":21,"column":13}},{"start":{"line":21,"column":17},"end":{"line":21,"column":21}},{"start":{"line":21,"column":25},"end":{"line":21,"column":40}}],"line":21},"4":{"loc":{"start":{"line":30,"column":12},"end":{"line":33,"column":13}},"type":"if","locations":[{"start":{"line":30,"column":12},"end":{"line":33,"column":13}},{"start":{},"end":{}}],"line":30},"5":{"loc":{"start":{"line":51,"column":8},"end":{"line":51,"column":60}},"type":"if","locations":[{"start":{"line":51,"column":8},"end":{"line":51,"column":60}},{"start":{},"end":{}}],"line":51},"6":{"loc":{"start":{"line":52,"column":8},"end":{"line":52,"column":106}},"type":"if","locations":[{"start":{"line":52,"column":8},"end":{"line":52,"column":106}},{"start":{},"end":{}}],"line":52},"7":{"loc":{"start":{"line":62,"column":8},"end":{"line":62,"column":60}},"type":"if","locations":[{"start":{"line":62,"column":8},"end":{"line":62,"column":60}},{"start":{},"end":{}}],"line":62},"8":{"loc":{"start":{"line":63,"column":8},"end":{"line":63,"column":106}},"type":"if","locations":[{"start":{"line":63,"column":8},"end":{"line":63,"column":106}},{"start":{},"end":{}}],"line":63}},"s":{"0":1,"1":1,"2":1,"3":1,"4":1,"5":1,"6":0,"7":1,"8":1,"9":1,"10":1,"11":0,"12":1,"13":1,"14":0,"15":1,"16":1,"17":1,"18":0,"19":0,"20":1,"21":1,"22":1,"23":1,"24":1,"25":1,"26":1,"27":1,"28":0,"29":1,"30":0,"31":1,"32":1,"33":1,"34":1,"35":1,"36":0,"37":1,"38":0,"39":1},"f":{"0":1,"1":1,"2":1,"3":1,"4":1,"5":1,"6":1,"7":1},"b":{"0":[0,1],"1":[0,1],"2":[0,1],"3":[1,1,1],"4":[0,1],"5":[0,1],"6":[0,1],"7":[0,1],"8":[0,1]},"_coverageSchema":"1a1c01bbd47fc00a2c39e90264f33305004495a9","hash":"9e40eb3d059dbbcefa290f1e235bb02d02dfd35c"}
,"C:\\Users\\amand\\OneDrive\\Área de Trabalho\\MedSync\\Med_Sync_WEB\\backend\\routes\\consulta.js": {"path":"C:\\Users\\amand\\OneDrive\\Área de Trabalho\\MedSync\\Med_Sync_WEB\\backend\\routes\\consulta.js","statementMap":{"0":{"start":{"line":1,"column":16},"end":{"line":1,"column":34}},"1":{"start":{"line":2,"column":15},"end":{"line":2,"column":31}},"2":{"start":{"line":3,"column":27},"end":{"line":3,"column":74}},"3":{"start":{"line":4,"column":24},"end":{"line":4,"column":57}},"4":{"start":{"line":5,"column":15},"end":{"line":5,"column":43}},"5":{"start":{"line":8,"column":0},"end":{"line":13,"column":37}},"6":{"start":{"line":15,"column":0},"end":{"line":15,"column":95}},"7":{"start":{"line":16,"column":0},"end":{"line":16,"column":83}},"8":{"start":{"line":17,"column":0},"end":{"line":17,"column":84}},"9":{"start":{"line":19,"column":0},"end":{"line":19,"column":24}}},"fnMap":{},"branchMap":{},"s":{"0":1,"1":1,"2":1,"3":1,"4":1,"5":1,"6":1,"7":1,"8":1,"9":1},"f":{},"b":{},"_coverageSchema":"1a1c01bbd47fc00a2c39e90264f33305004495a9","hash":"1be35e70cb7674300af3bae4db76f67543dc5930"}
,"C:\\Users\\amand\\OneDrive\\Área de Trabalho\\MedSync\\Med_Sync_WEB\\backend\\routes\\login.js": {"path":"C:\\Users\\amand\\OneDrive\\Área de Trabalho\\MedSync\\Med_Sync_WEB\\backend\\routes\\login.js","statementMap":{"0":{"start":{"line":1,"column":16},"end":{"line":1,"column":34}},"1":{"start":{"line":2,"column":15},"end":{"line":2,"column":31}},"2":{"start":{"line":3,"column":24},"end":{"line":3,"column":65}},"3":{"start":{"line":5,"column":0},"end":{"line":5,"column":52}},"4":{"start":{"line":6,"column":0},"end":{"line":6,"column":55}},"5":{"start":{"line":8,"column":0},"end":{"line":8,"column":24}}},"fnMap":{},"branchMap":{},"s":{"0":1,"1":1,"2":1,"3":1,"4":1,"5":1},"f":{},"b":{},"_coverageSchema":"1a1c01bbd47fc00a2c39e90264f33305004495a9","hash":"b7d23e9c523fe0b226ae63909da000ec8b39d50e"}
,"C:\\Users\\amand\\OneDrive\\Área de Trabalho\\MedSync\\Med_Sync_WEB\\backend\\routes\\medico.js": {"path":"C:\\Users\\amand\\OneDrive\\Área de Trabalho\\MedSync\\Med_Sync_WEB\\backend\\routes\\medico.js","statementMap":{"0":{"start":{"line":1,"column":16},"end":{"line":1,"column":34}},"1":{"start":{"line":2,"column":15},"end":{"line":2,"column":31}},"2":{"start":{"line":3,"column":25},"end":{"line":3,"column":67}},"3":{"start":{"line":4,"column":24},"end":{"line":4,"column":54}},"4":{"start":{"line":5,"column":33},"end":{"line":5,"column":62}},"5":{"start":{"line":8,"column":0},"end":{"line":8,"column":64}},"6":{"start":{"line":9,"column":0},"end":{"line":9,"column":67}},"7":{"start":{"line":10,"column":0},"end":{"line":10,"column":70}},"8":{"start":{"line":11,"column":0},"end":{"line":11,"column":71}},"9":{"start":{"line":13,"column":0},"end":{"line":13,"column":24}}},"fnMap":{},"branchMap":{},"s":{"0":1,"1":1,"2":1,"3":1,"4":1,"5":1,"6":1,"7":1,"8":1,"9":1},"f":{},"b":{},"_coverageSchema":"1a1c01bbd47fc00a2c39e90264f33305004495a9","hash":"63e70e7cbbd26f3782c87d13758b1e6d5eb3b91f"}
}
