TN:
SF:database.js
FN:10,(anonymous_0)
FNF:1
FNH:1
FNDA:2,(anonymous_0)
DA:1,2
DA:3,2
DA:10,2
DA:11,2
DA:12,2
DA:15,2
LF:6
LH:6
BRDA:11,0,0,0
BRDA:11,0,1,2
BRF:2
BRH:1
end_of_record
TN:
SF:controllers\consultaController.js
FN:6,(anonymous_0)
FN:11,(anonymous_1)
FN:19,(anonymous_2)
FN:40,(anonymous_3)
FN:55,(anonymous_4)
FN:64,(anonymous_5)
FN:73,(anonymous_6)
FN:78,(anonymous_7)
FNF:8
FNH:8
FNDA:1,(anonymous_0)
FNDA:1,(anonymous_1)
FNDA:1,(anonymous_2)
FNDA:1,(anonymous_3)
FNDA:1,(anonymous_4)
FNDA:1,(anonymous_5)
FNDA:1,(anonymous_6)
FNDA:1,(anonymous_7)
DA:1,1
DA:2,1
DA:6,1
DA:7,1
DA:9,1
DA:12,1
DA:13,1
DA:19,1
DA:20,1
DA:22,1
DA:23,1
DA:24,0
DA:25,0
DA:29,1
DA:31,1
DA:32,0
DA:35,1
DA:37,1
DA:41,1
DA:42,0
DA:43,0
DA:45,1
DA:46,1
DA:55,1
DA:56,1
DA:57,1
DA:59,1
DA:61,1
DA:65,1
DA:66,1
DA:67,1
DA:73,1
DA:74,1
DA:76,1
DA:79,1
DA:80,1
DA:81,1
LF:37
LH:32
BRDA:12,0,0,0
BRDA:12,0,1,1
BRDA:23,1,0,0
BRDA:23,1,1,1
BRDA:31,2,0,0
BRDA:31,2,1,1
BRDA:31,3,0,1
BRDA:31,3,1,1
BRDA:31,3,2,1
BRDA:31,3,3,1
BRDA:41,4,0,0
BRDA:41,4,1,1
BRDA:65,5,0,0
BRDA:65,5,1,1
BRDA:66,6,0,0
BRDA:66,6,1,1
BRDA:79,7,0,0
BRDA:79,7,1,1
BRDA:80,8,0,0
BRDA:80,8,1,1
BRF:20
BRH:12
end_of_record
TN:
SF:controllers\loginController.js
FN:8,(anonymous_0)
FN:13,(anonymous_1)
FN:37,(anonymous_2)
FN:54,(anonymous_3)
FNF:4
FNH:4
FNDA:3,(anonymous_0)
FNDA:3,(anonymous_1)
FNDA:2,(anonymous_2)
FNDA:2,(anonymous_3)
DA:1,1
DA:2,1
DA:3,1
DA:4,1
DA:8,1
DA:9,3
DA:10,3
DA:11,3
DA:13,3
DA:14,3
DA:15,3
DA:16,3
DA:17,3
DA:18,1
DA:19,1
DA:22,2
DA:23,2
DA:24,2
DA:25,2
DA:26,2
DA:27,1
DA:28,1
DA:31,1
DA:32,1
DA:37,1
DA:38,2
DA:39,2
DA:40,0
DA:43,2
DA:44,2
DA:46,2
DA:47,2
DA:48,2
DA:49,2
DA:51,2
DA:55,2
DA:56,1
DA:57,1
DA:59,1
DA:60,1
DA:64,0
DA:65,0
LF:42
LH:39
BRDA:10,0,0,0
BRDA:10,0,1,3
BRDA:10,1,0,3
BRDA:10,1,1,3
BRDA:15,2,0,0
BRDA:15,2,1,3
BRDA:17,3,0,1
BRDA:17,3,1,2
BRDA:26,4,0,1
BRDA:26,4,1,1
BRDA:39,5,0,0
BRDA:39,5,1,2
BRDA:55,6,0,1
BRDA:55,6,1,1
BRF:14
BRH:11
end_of_record
TN:
SF:controllers\medicoController.js
FN:6,(anonymous_0)
FN:7,(anonymous_1)
FN:14,(anonymous_2)
FN:29,(anonymous_3)
FN:44,(anonymous_4)
FN:50,(anonymous_5)
FN:58,(anonymous_6)
FN:61,(anonymous_7)
FNF:8
FNH:8
FNDA:1,(anonymous_0)
FNDA:1,(anonymous_1)
FNDA:1,(anonymous_2)
FNDA:1,(anonymous_3)
FNDA:1,(anonymous_4)
FNDA:1,(anonymous_5)
FNDA:1,(anonymous_6)
FNDA:1,(anonymous_7)
DA:1,1
DA:2,1
DA:3,1
DA:6,1
DA:7,1
DA:8,1
DA:9,1
DA:14,1
DA:15,1
DA:16,1
DA:17,0
DA:20,1
DA:21,1
DA:22,0
DA:24,1
DA:26,1
DA:30,1
DA:31,0
DA:32,0
DA:34,1
DA:35,1
DA:44,1
DA:45,1
DA:46,1
DA:48,1
DA:50,1
DA:51,1
DA:52,1
DA:53,1
DA:58,1
DA:59,1
DA:61,1
DA:62,1
DA:63,1
DA:64,1
LF:35
LH:31
BRDA:8,0,0,0
BRDA:8,0,1,1
BRDA:16,1,0,0
BRDA:16,1,1,1
BRDA:21,2,0,0
BRDA:21,2,1,1
BRDA:21,3,0,1
BRDA:21,3,1,1
BRDA:21,3,2,1
BRDA:30,4,0,0
BRDA:30,4,1,1
BRDA:51,5,0,0
BRDA:51,5,1,1
BRDA:52,6,0,0
BRDA:52,6,1,1
BRDA:62,7,0,0
BRDA:62,7,1,1
BRDA:63,8,0,0
BRDA:63,8,1,1
BRF:19
BRH:11
end_of_record
TN:
SF:routes\consulta.js
FNF:0
FNH:0
DA:1,1
DA:2,1
DA:3,1
DA:4,1
DA:5,1
DA:8,1
DA:15,1
DA:16,1
DA:17,1
DA:19,1
LF:10
LH:10
BRF:0
BRH:0
end_of_record
TN:
SF:routes\login.js
FNF:0
FNH:0
DA:1,1
DA:2,1
DA:3,1
DA:5,1
DA:6,1
DA:8,1
LF:6
LH:6
BRF:0
BRH:0
end_of_record
TN:
SF:routes\medico.js
FNF:0
FNH:0
DA:1,1
DA:2,1
DA:3,1
DA:4,1
DA:5,1
DA:8,1
DA:9,1
DA:10,1
DA:11,1
DA:13,1
LF:10
LH:10
BRF:0
BRH:0
end_of_record
